2024-09-03 23:34:09.620 [info] Extension host with pid 49400 started
2024-09-03 23:34:09.621 [info] Skipping acquiring lock for /var/www/html/phpproject/~/.vscode-root/User/workspaceStorage/dfb3b29c084c4bdfe5eff8d6e2fb327a.
2024-09-03 23:34:10.055 [info] ExtensionService#_doActivateExtension vscode.git-base, startup: true, activationEvent: '*'
2024-09-03 23:34:10.518 [info] ExtensionService#_doActivateExtension vscode.github, startup: true, activationEvent: '*'
2024-09-03 23:34:10.795 [info] Eager extensions activated
2024-09-03 23:34:10.806 [info] ExtensionService#_doActivateExtension vscode.debug-auto-launch, startup: false, activationEvent: 'onStartupFinished'
2024-09-03 23:34:10.981 [info] ExtensionService#_doActivateExtension vscode.merge-conflict, startup: false, activationEvent: 'onStartupFinished'
2024-09-03 23:34:12.356 [info] ExtensionService#_doActivateExtension vscode.git, startup: false, activationEvent: 'api', root cause: vscode.github
2024-09-03 23:34:12.859 [info] ExtensionService#_doActivateExtension vscode.emmet, startup: false, activationEvent: 'onLanguage'
2024-09-03 23:34:13.539 [info] ExtensionService#_doActivateExtension vscode.github-authentication, startup: false, activationEvent: 'onAuthenticationRequest:github'
2024-09-03 23:34:14.511 [info] ExtensionService#_doActivateExtension vscode.configuration-editing, startup: false, activationEvent: 'onLanguage:jsonc'
2024-09-03 23:34:14.548 [info] ExtensionService#_doActivateExtension vscode.json-language-features, startup: false, activationEvent: 'onLanguage:jsonc'
2024-09-03 23:34:14.694 [info] ExtensionService#_doActivateExtension vscode.typescript-language-features, startup: false, activationEvent: 'onLanguage:jsonc'
2024-09-03 23:34:25.894 [info] ExtensionService#_doActivateExtension vscode.php-language-features, startup: false, activationEvent: 'onLanguage:php'
2024-09-03 23:34:30.305 [warning] [Decorations] CAPPING events from decorations provider vscode.git 298
2024-09-03 23:34:35.355 [warning] [Decorations] CAPPING events from decorations provider vscode.git 298
2024-09-03 23:34:40.407 [warning] [Decorations] CAPPING events from decorations provider vscode.git 299
2024-09-03 23:34:45.447 [warning] [Decorations] CAPPING events from decorations provider vscode.git 299
2024-09-03 23:34:50.499 [warning] [Decorations] CAPPING events from decorations provider vscode.git 299
2024-09-03 23:34:55.545 [warning] [Decorations] CAPPING events from decorations provider vscode.git 299
2024-09-03 23:35:00.595 [warning] [Decorations] CAPPING events from decorations provider vscode.git 300
2024-09-03 23:35:12.844 [warning] [Decorations] CAPPING events from decorations provider vscode.git 300
2024-09-03 23:35:17.926 [warning] [Decorations] CAPPING events from decorations provider vscode.git 300
2024-09-03 23:35:22.972 [warning] [Decorations] CAPPING events from decorations provider vscode.git 300
2024-09-03 23:35:46.702 [warning] [Decorations] CAPPING events from decorations provider vscode.git 300
2024-09-03 23:35:51.764 [warning] [Decorations] CAPPING events from decorations provider vscode.git 300
2024-09-03 23:35:56.809 [warning] [Decorations] CAPPING events from decorations provider vscode.git 300
2024-09-03 23:36:01.854 [warning] [Decorations] CAPPING events from decorations provider vscode.git 301
2024-09-03 23:36:06.910 [warning] [Decorations] CAPPING events from decorations provider vscode.git 301
2024-09-03 23:36:11.956 [warning] [Decorations] CAPPING events from decorations provider vscode.git 301
2024-09-03 23:36:16.999 [warning] [Decorations] CAPPING events from decorations provider vscode.git 301
2024-09-03 23:36:22.048 [warning] [Decorations] CAPPING events from decorations provider vscode.git 301
2024-09-03 23:36:27.104 [warning] [Decorations] CAPPING events from decorations provider vscode.git 301
2024-09-03 23:36:32.156 [warning] [Decorations] CAPPING events from decorations provider vscode.git 301
2024-09-03 23:36:37.206 [warning] [Decorations] CAPPING events from decorations provider vscode.git 301
2024-09-03 23:36:42.249 [warning] [Decorations] CAPPING events from decorations provider vscode.git 301
2024-09-03 23:36:47.294 [warning] [Decorations] CAPPING events from decorations provider vscode.git 301
2024-09-03 23:36:52.338 [warning] [Decorations] CAPPING events from decorations provider vscode.git 301
2024-09-03 23:36:57.383 [warning] [Decorations] CAPPING events from decorations provider vscode.git 301
2024-09-03 23:37:02.430 [warning] [Decorations] CAPPING events from decorations provider vscode.git 301
2024-09-03 23:37:07.469 [warning] [Decorations] CAPPING events from decorations provider vscode.git 301
2024-09-03 23:37:12.515 [warning] [Decorations] CAPPING events from decorations provider vscode.git 301
2024-09-03 23:37:17.558 [warning] [Decorations] CAPPING events from decorations provider vscode.git 301
2024-09-03 23:37:32.760 [warning] [Decorations] CAPPING events from decorations provider vscode.git 301
2024-09-03 23:37:41.755 [warning] [Decorations] CAPPING events from decorations provider vscode.git 303
2024-09-03 23:37:46.805 [warning] [Decorations] CAPPING events from decorations provider vscode.git 302
2024-09-03 23:37:58.099 [warning] [Decorations] CAPPING events from decorations provider vscode.git 303
2024-09-03 23:38:25.129 [warning] [Decorations] CAPPING events from decorations provider vscode.git 304
2024-09-03 23:38:43.728 [warning] [Decorations] CAPPING events from decorations provider vscode.git 303
2024-09-03 23:39:04.498 [warning] [Decorations] CAPPING events from decorations provider vscode.git 303
2024-09-03 23:39:09.547 [warning] [Decorations] CAPPING events from decorations provider vscode.git 303
2024-09-03 23:39:14.590 [warning] [Decorations] CAPPING events from decorations provider vscode.git 303
2024-09-03 23:39:19.637 [warning] [Decorations] CAPPING events from decorations provider vscode.git 305
2024-09-03 23:39:24.686 [warning] [Decorations] CAPPING events from decorations provider vscode.git 305
2024-09-03 23:39:29.730 [warning] [Decorations] CAPPING events from decorations provider vscode.git 305
2024-09-03 23:39:34.779 [warning] [Decorations] CAPPING events from decorations provider vscode.git 305
2024-09-03 23:39:39.831 [warning] [Decorations] CAPPING events from decorations provider vscode.git 305
2024-09-03 23:39:44.877 [warning] [Decorations] CAPPING events from decorations provider vscode.git 305
2024-09-03 23:39:50.019 [warning] [Decorations] CAPPING events from decorations provider vscode.git 305
2024-09-03 23:39:55.067 [warning] [Decorations] CAPPING events from decorations provider vscode.git 305
2024-09-03 23:40:00.114 [warning] [Decorations] CAPPING events from decorations provider vscode.git 305
2024-09-03 23:40:05.161 [warning] [Decorations] CAPPING events from decorations provider vscode.git 305
2024-09-03 23:40:10.202 [warning] [Decorations] CAPPING events from decorations provider vscode.git 305
2024-09-03 23:40:15.247 [warning] [Decorations] CAPPING events from decorations provider vscode.git 305
2024-09-03 23:40:20.294 [warning] [Decorations] CAPPING events from decorations provider vscode.git 305
2024-09-03 23:40:25.341 [warning] [Decorations] CAPPING events from decorations provider vscode.git 305
2024-09-03 23:40:30.389 [warning] [Decorations] CAPPING events from decorations provider vscode.git 305
2024-09-03 23:40:35.433 [warning] [Decorations] CAPPING events from decorations provider vscode.git 305
2024-09-03 23:40:40.479 [warning] [Decorations] CAPPING events from decorations provider vscode.git 305
2024-09-03 23:40:45.528 [warning] [Decorations] CAPPING events from decorations provider vscode.git 305
2024-09-03 23:40:50.573 [warning] [Decorations] CAPPING events from decorations provider vscode.git 305
2024-09-03 23:40:55.616 [warning] [Decorations] CAPPING events from decorations provider vscode.git 305
2024-09-03 23:41:00.662 [warning] [Decorations] CAPPING events from decorations provider vscode.git 305
2024-09-03 23:41:05.702 [warning] [Decorations] CAPPING events from decorations provider vscode.git 305
2024-09-03 23:41:10.746 [warning] [Decorations] CAPPING events from decorations provider vscode.git 305
2024-09-03 23:41:15.800 [warning] [Decorations] CAPPING events from decorations provider vscode.git 305
2024-09-03 23:41:20.848 [warning] [Decorations] CAPPING events from decorations provider vscode.git 305
2024-09-03 23:41:25.894 [warning] [Decorations] CAPPING events from decorations provider vscode.git 305
2024-09-03 23:41:30.938 [warning] [Decorations] CAPPING events from decorations provider vscode.git 305
2024-09-03 23:41:35.980 [warning] [Decorations] CAPPING events from decorations provider vscode.git 305
2024-09-03 23:41:41.025 [warning] [Decorations] CAPPING events from decorations provider vscode.git 305
2024-09-03 23:41:46.076 [warning] [Decorations] CAPPING events from decorations provider vscode.git 305
2024-09-03 23:41:51.122 [warning] [Decorations] CAPPING events from decorations provider vscode.git 305
2024-09-03 23:41:56.165 [warning] [Decorations] CAPPING events from decorations provider vscode.git 305
2024-09-03 23:42:01.213 [warning] [Decorations] CAPPING events from decorations provider vscode.git 305
2024-09-03 23:42:06.257 [warning] [Decorations] CAPPING events from decorations provider vscode.git 305
2024-09-03 23:42:11.303 [warning] [Decorations] CAPPING events from decorations provider vscode.git 305
2024-09-03 23:42:16.349 [warning] [Decorations] CAPPING events from decorations provider vscode.git 305
2024-09-03 23:42:21.393 [warning] [Decorations] CAPPING events from decorations provider vscode.git 305
2024-09-03 23:42:26.436 [warning] [Decorations] CAPPING events from decorations provider vscode.git 305
2024-09-03 23:42:31.486 [warning] [Decorations] CAPPING events from decorations provider vscode.git 305
2024-09-03 23:42:36.605 [warning] [Decorations] CAPPING events from decorations provider vscode.git 305
2024-09-03 23:42:41.660 [warning] [Decorations] CAPPING events from decorations provider vscode.git 305
2024-09-03 23:42:46.705 [warning] [Decorations] CAPPING events from decorations provider vscode.git 305
2024-09-03 23:42:51.751 [warning] [Decorations] CAPPING events from decorations provider vscode.git 305
2024-09-03 23:42:56.798 [warning] [Decorations] CAPPING events from decorations provider vscode.git 305
2024-09-03 23:43:01.846 [warning] [Decorations] CAPPING events from decorations provider vscode.git 305
2024-09-03 23:43:06.889 [warning] [Decorations] CAPPING events from decorations provider vscode.git 305
2024-09-03 23:43:11.938 [warning] [Decorations] CAPPING events from decorations provider vscode.git 305
2024-09-03 23:43:16.981 [warning] [Decorations] CAPPING events from decorations provider vscode.git 305
2024-09-03 23:43:22.025 [warning] [Decorations] CAPPING events from decorations provider vscode.git 305
2024-09-03 23:43:27.079 [warning] [Decorations] CAPPING events from decorations provider vscode.git 305
2024-09-03 23:43:32.131 [warning] [Decorations] CAPPING events from decorations provider vscode.git 305
2024-09-03 23:43:37.182 [warning] [Decorations] CAPPING events from decorations provider vscode.git 305
2024-09-03 23:43:42.227 [warning] [Decorations] CAPPING events from decorations provider vscode.git 305
2024-09-03 23:43:47.275 [warning] [Decorations] CAPPING events from decorations provider vscode.git 305
2024-09-03 23:43:52.317 [warning] [Decorations] CAPPING events from decorations provider vscode.git 305
2024-09-03 23:43:57.361 [warning] [Decorations] CAPPING events from decorations provider vscode.git 305
2024-09-03 23:44:02.409 [warning] [Decorations] CAPPING events from decorations provider vscode.git 305
2024-09-03 23:44:07.450 [warning] [Decorations] CAPPING events from decorations provider vscode.git 306
2024-09-03 23:44:12.494 [warning] [Decorations] CAPPING events from decorations provider vscode.git 306
2024-09-03 23:44:17.542 [warning] [Decorations] CAPPING events from decorations provider vscode.git 306
2024-09-03 23:44:22.596 [warning] [Decorations] CAPPING events from decorations provider vscode.git 306
2024-09-03 23:44:27.638 [warning] [Decorations] CAPPING events from decorations provider vscode.git 306
2024-09-03 23:44:32.682 [warning] [Decorations] CAPPING events from decorations provider vscode.git 308
2024-09-03 23:44:40.603 [warning] [Decorations] CAPPING events from decorations provider vscode.git 307
2024-09-03 23:44:45.743 [warning] [Decorations] CAPPING events from decorations provider vscode.git 307
2024-09-03 23:45:27.738 [warning] [Decorations] CAPPING events from decorations provider vscode.git 307
2024-09-03 23:45:32.786 [warning] [Decorations] CAPPING events from decorations provider vscode.git 307
2024-09-03 23:45:37.829 [warning] [Decorations] CAPPING events from decorations provider vscode.git 307
2024-09-03 23:45:42.879 [warning] [Decorations] CAPPING events from decorations provider vscode.git 307
2024-09-03 23:45:47.922 [warning] [Decorations] CAPPING events from decorations provider vscode.git 307
2024-09-03 23:45:52.967 [warning] [Decorations] CAPPING events from decorations provider vscode.git 307
2024-09-03 23:45:58.007 [warning] [Decorations] CAPPING events from decorations provider vscode.git 307
2024-09-03 23:46:03.057 [warning] [Decorations] CAPPING events from decorations provider vscode.git 307
2024-09-03 23:46:08.097 [warning] [Decorations] CAPPING events from decorations provider vscode.git 307
2024-09-03 23:46:13.142 [warning] [Decorations] CAPPING events from decorations provider vscode.git 307
2024-09-03 23:46:18.186 [warning] [Decorations] CAPPING events from decorations provider vscode.git 307
2024-09-03 23:46:23.234 [warning] [Decorations] CAPPING events from decorations provider vscode.git 307
2024-09-03 23:46:28.279 [warning] [Decorations] CAPPING events from decorations provider vscode.git 307
2024-09-03 23:46:33.327 [warning] [Decorations] CAPPING events from decorations provider vscode.git 307
2024-09-03 23:46:38.390 [warning] [Decorations] CAPPING events from decorations provider vscode.git 307
2024-09-03 23:46:43.437 [warning] [Decorations] CAPPING events from decorations provider vscode.git 307
2024-09-03 23:46:48.489 [warning] [Decorations] CAPPING events from decorations provider vscode.git 307
2024-09-03 23:46:53.537 [warning] [Decorations] CAPPING events from decorations provider vscode.git 307
2024-09-03 23:46:58.575 [warning] [Decorations] CAPPING events from decorations provider vscode.git 307
2024-09-03 23:47:03.621 [warning] [Decorations] CAPPING events from decorations provider vscode.git 307
2024-09-03 23:47:08.665 [warning] [Decorations] CAPPING events from decorations provider vscode.git 307
2024-09-03 23:47:13.707 [warning] [Decorations] CAPPING events from decorations provider vscode.git 307
2024-09-03 23:47:18.756 [warning] [Decorations] CAPPING events from decorations provider vscode.git 307
2024-09-03 23:47:23.838 [warning] [Decorations] CAPPING events from decorations provider vscode.git 307
2024-09-03 23:47:28.886 [warning] [Decorations] CAPPING events from decorations provider vscode.git 307
2024-09-03 23:47:33.930 [warning] [Decorations] CAPPING events from decorations provider vscode.git 307
2024-09-03 23:47:38.973 [warning] [Decorations] CAPPING events from decorations provider vscode.git 307
2024-09-03 23:47:44.018 [warning] [Decorations] CAPPING events from decorations provider vscode.git 307
2024-09-03 23:47:49.062 [warning] [Decorations] CAPPING events from decorations provider vscode.git 307
2024-09-03 23:47:54.115 [warning] [Decorations] CAPPING events from decorations provider vscode.git 307
2024-09-03 23:47:59.173 [warning] [Decorations] CAPPING events from decorations provider vscode.git 307
2024-09-03 23:48:04.223 [warning] [Decorations] CAPPING events from decorations provider vscode.git 307
2024-09-03 23:48:09.274 [warning] [Decorations] CAPPING events from decorations provider vscode.git 307
2024-09-03 23:48:14.325 [warning] [Decorations] CAPPING events from decorations provider vscode.git 307
2024-09-03 23:48:19.362 [warning] [Decorations] CAPPING events from decorations provider vscode.git 307
2024-09-03 23:48:24.405 [warning] [Decorations] CAPPING events from decorations provider vscode.git 307
2024-09-03 23:48:29.450 [warning] [Decorations] CAPPING events from decorations provider vscode.git 307
2024-09-03 23:48:34.494 [warning] [Decorations] CAPPING events from decorations provider vscode.git 307
2024-09-03 23:48:39.531 [warning] [Decorations] CAPPING events from decorations provider vscode.git 307
2024-09-03 23:48:44.579 [warning] [Decorations] CAPPING events from decorations provider vscode.git 307
2024-09-03 23:48:49.628 [warning] [Decorations] CAPPING events from decorations provider vscode.git 307
2024-09-03 23:48:54.674 [warning] [Decorations] CAPPING events from decorations provider vscode.git 307
2024-09-03 23:48:59.721 [warning] [Decorations] CAPPING events from decorations provider vscode.git 307
2024-09-03 23:49:04.764 [warning] [Decorations] CAPPING events from decorations provider vscode.git 307
2024-09-03 23:49:09.827 [warning] [Decorations] CAPPING events from decorations provider vscode.git 307
2024-09-03 23:49:14.874 [warning] [Decorations] CAPPING events from decorations provider vscode.git 307
2024-09-03 23:49:19.918 [warning] [Decorations] CAPPING events from decorations provider vscode.git 307
2024-09-03 23:49:24.961 [warning] [Decorations] CAPPING events from decorations provider vscode.git 307
2024-09-03 23:49:30.006 [warning] [Decorations] CAPPING events from decorations provider vscode.git 308
2024-09-03 23:49:35.052 [warning] [Decorations] CAPPING events from decorations provider vscode.git 308
2024-09-03 23:49:40.096 [warning] [Decorations] CAPPING events from decorations provider vscode.git 308
2024-09-03 23:49:45.142 [warning] [Decorations] CAPPING events from decorations provider vscode.git 308
2024-09-03 23:49:50.191 [warning] [Decorations] CAPPING events from decorations provider vscode.git 308
2024-09-03 23:50:04.054 [warning] [Decorations] CAPPING events from decorations provider vscode.git 308
2024-09-03 23:50:09.098 [warning] [Decorations] CAPPING events from decorations provider vscode.git 308
2024-09-03 23:50:14.142 [warning] [Decorations] CAPPING events from decorations provider vscode.git 308
2024-09-03 23:50:19.190 [warning] [Decorations] CAPPING events from decorations provider vscode.git 308
2024-09-03 23:50:24.238 [warning] [Decorations] CAPPING events from decorations provider vscode.git 308
2024-09-03 23:50:29.298 [warning] [Decorations] CAPPING events from decorations provider vscode.git 308
2024-09-03 23:50:34.342 [warning] [Decorations] CAPPING events from decorations provider vscode.git 308
2024-09-03 23:50:39.386 [warning] [Decorations] CAPPING events from decorations provider vscode.git 308
2024-09-03 23:50:44.430 [warning] [Decorations] CAPPING events from decorations provider vscode.git 308
2024-09-03 23:50:49.484 [warning] [Decorations] CAPPING events from decorations provider vscode.git 308
2024-09-03 23:50:54.526 [warning] [Decorations] CAPPING events from decorations provider vscode.git 308
2024-09-03 23:50:59.563 [warning] [Decorations] CAPPING events from decorations provider vscode.git 308
2024-09-03 23:51:04.606 [warning] [Decorations] CAPPING events from decorations provider vscode.git 308
2024-09-03 23:51:09.651 [warning] [Decorations] CAPPING events from decorations provider vscode.git 308
2024-09-03 23:51:14.695 [warning] [Decorations] CAPPING events from decorations provider vscode.git 309
2024-09-03 23:51:23.360 [warning] [Decorations] CAPPING events from decorations provider vscode.git 310
2024-09-03 23:51:46.946 [warning] [Decorations] CAPPING events from decorations provider vscode.git 309
2024-09-03 23:51:51.984 [warning] [Decorations] CAPPING events from decorations provider vscode.git 309
2024-09-03 23:51:57.023 [warning] [Decorations] CAPPING events from decorations provider vscode.git 309
2024-09-03 23:52:02.070 [warning] [Decorations] CAPPING events from decorations provider vscode.git 309
2024-09-03 23:52:07.113 [warning] [Decorations] CAPPING events from decorations provider vscode.git 309
2024-09-03 23:52:12.159 [warning] [Decorations] CAPPING events from decorations provider vscode.git 309
2024-09-03 23:52:33.042 [warning] [Decorations] CAPPING events from decorations provider vscode.git 309
2024-09-03 23:52:38.086 [warning] [Decorations] CAPPING events from decorations provider vscode.git 309
2024-09-03 23:52:43.132 [warning] [Decorations] CAPPING events from decorations provider vscode.git 309
2024-09-03 23:52:48.175 [warning] [Decorations] CAPPING events from decorations provider vscode.git 309
2024-09-03 23:52:53.221 [warning] [Decorations] CAPPING events from decorations provider vscode.git 309
2024-09-03 23:52:58.262 [warning] [Decorations] CAPPING events from decorations provider vscode.git 309
2024-09-03 23:53:12.950 [warning] [Decorations] CAPPING events from decorations provider vscode.git 309
2024-09-03 23:53:18.003 [warning] [Decorations] CAPPING events from decorations provider vscode.git 309
2024-09-03 23:53:51.440 [warning] [Decorations] CAPPING events from decorations provider vscode.git 309
2024-09-03 23:53:56.486 [warning] [Decorations] CAPPING events from decorations provider vscode.git 309
2024-09-03 23:54:01.533 [warning] [Decorations] CAPPING events from decorations provider vscode.git 309
2024-09-03 23:54:52.246 [warning] [Decorations] CAPPING events from decorations provider vscode.git 309
2024-09-03 23:55:24.090 [warning] [Decorations] CAPPING events from decorations provider vscode.git 309
2024-09-03 23:55:29.138 [warning] [Decorations] CAPPING events from decorations provider vscode.git 309
2024-09-03 23:55:34.188 [warning] [Decorations] CAPPING events from decorations provider vscode.git 309
2024-09-03 23:55:39.237 [warning] [Decorations] CAPPING events from decorations provider vscode.git 309
2024-09-03 23:55:44.283 [warning] [Decorations] CAPPING events from decorations provider vscode.git 309
2024-09-03 23:55:49.329 [warning] [Decorations] CAPPING events from decorations provider vscode.git 309
2024-09-03 23:55:54.371 [warning] [Decorations] CAPPING events from decorations provider vscode.git 309
2024-09-03 23:56:34.574 [warning] [Decorations] CAPPING events from decorations provider vscode.git 309
2024-09-03 23:56:39.660 [warning] [Decorations] CAPPING events from decorations provider vscode.git 309
2024-09-03 23:56:48.786 [warning] [Decorations] CAPPING events from decorations provider vscode.git 309
2024-09-03 23:56:53.833 [warning] [Decorations] CAPPING events from decorations provider vscode.git 309
2024-09-03 23:56:58.896 [warning] [Decorations] CAPPING events from decorations provider vscode.git 309
2024-09-03 23:57:03.940 [warning] [Decorations] CAPPING events from decorations provider vscode.git 309
2024-09-03 23:57:08.983 [warning] [Decorations] CAPPING events from decorations provider vscode.git 309
2024-09-03 23:58:18.112 [warning] [Decorations] CAPPING events from decorations provider vscode.git 309
2024-09-03 23:58:23.158 [warning] [Decorations] CAPPING events from decorations provider vscode.git 309
2024-09-03 23:58:28.202 [warning] [Decorations] CAPPING events from decorations provider vscode.git 309
2024-09-03 23:58:33.244 [warning] [Decorations] CAPPING events from decorations provider vscode.git 309
2024-09-03 23:58:38.291 [warning] [Decorations] CAPPING events from decorations provider vscode.git 309
2024-09-03 23:58:43.330 [warning] [Decorations] CAPPING events from decorations provider vscode.git 309
2024-09-03 23:58:48.372 [warning] [Decorations] CAPPING events from decorations provider vscode.git 309
2024-09-03 23:58:54.004 [warning] [Decorations] CAPPING events from decorations provider vscode.git 309
2024-09-04 00:00:10.335 [warning] [Decorations] CAPPING events from decorations provider vscode.git 309
2024-09-04 00:00:15.388 [warning] [Decorations] CAPPING events from decorations provider vscode.git 309
2024-09-04 00:00:20.434 [warning] [Decorations] CAPPING events from decorations provider vscode.git 309
2024-09-04 00:00:25.479 [warning] [Decorations] CAPPING events from decorations provider vscode.git 309
2024-09-04 00:00:30.522 [warning] [Decorations] CAPPING events from decorations provider vscode.git 309
2024-09-04 00:00:35.569 [warning] [Decorations] CAPPING events from decorations provider vscode.git 309
2024-09-04 00:00:40.614 [warning] [Decorations] CAPPING events from decorations provider vscode.git 309
2024-09-04 00:00:45.657 [warning] [Decorations] CAPPING events from decorations provider vscode.git 309
2024-09-04 00:00:50.701 [warning] [Decorations] CAPPING events from decorations provider vscode.git 309
2024-09-04 00:00:55.783 [warning] [Decorations] CAPPING events from decorations provider vscode.git 309
2024-09-04 00:01:00.822 [warning] [Decorations] CAPPING events from decorations provider vscode.git 309
2024-09-04 00:01:05.865 [warning] [Decorations] CAPPING events from decorations provider vscode.git 309
2024-09-04 00:01:10.913 [warning] [Decorations] CAPPING events from decorations provider vscode.git 309
2024-09-04 00:01:15.958 [warning] [Decorations] CAPPING events from decorations provider vscode.git 309
2024-09-04 00:01:21.003 [warning] [Decorations] CAPPING events from decorations provider vscode.git 309
2024-09-04 00:01:26.044 [warning] [Decorations] CAPPING events from decorations provider vscode.git 309
2024-09-04 00:01:31.094 [warning] [Decorations] CAPPING events from decorations provider vscode.git 309
2024-09-04 00:01:36.140 [warning] [Decorations] CAPPING events from decorations provider vscode.git 309
2024-09-04 00:01:41.185 [warning] [Decorations] CAPPING events from decorations provider vscode.git 309
2024-09-04 00:01:46.231 [warning] [Decorations] CAPPING events from decorations provider vscode.git 309
2024-09-04 00:01:51.277 [warning] [Decorations] CAPPING events from decorations provider vscode.git 309
2024-09-04 00:01:56.324 [warning] [Decorations] CAPPING events from decorations provider vscode.git 309
2024-09-04 00:02:01.369 [warning] [Decorations] CAPPING events from decorations provider vscode.git 309
2024-09-04 00:02:06.414 [warning] [Decorations] CAPPING events from decorations provider vscode.git 309
2024-09-04 00:02:11.458 [warning] [Decorations] CAPPING events from decorations provider vscode.git 309
2024-09-04 00:02:16.504 [warning] [Decorations] CAPPING events from decorations provider vscode.git 309
2024-09-04 00:02:21.557 [warning] [Decorations] CAPPING events from decorations provider vscode.git 309
2024-09-04 00:02:26.598 [warning] [Decorations] CAPPING events from decorations provider vscode.git 309
2024-09-04 00:02:31.638 [warning] [Decorations] CAPPING events from decorations provider vscode.git 309
2024-09-04 00:02:36.682 [warning] [Decorations] CAPPING events from decorations provider vscode.git 309
2024-09-04 00:02:41.729 [warning] [Decorations] CAPPING events from decorations provider vscode.git 309
2024-09-04 00:02:46.771 [warning] [Decorations] CAPPING events from decorations provider vscode.git 309
2024-09-04 00:02:51.814 [warning] [Decorations] CAPPING events from decorations provider vscode.git 309
2024-09-04 00:02:56.859 [warning] [Decorations] CAPPING events from decorations provider vscode.git 310
2024-09-04 00:03:01.905 [warning] [Decorations] CAPPING events from decorations provider vscode.git 310
2024-09-04 00:03:06.954 [warning] [Decorations] CAPPING events from decorations provider vscode.git 309
2024-09-04 00:03:12.008 [warning] [Decorations] CAPPING events from decorations provider vscode.git 309
2024-09-04 00:03:17.054 [warning] [Decorations] CAPPING events from decorations provider vscode.git 309
2024-09-04 00:03:22.098 [warning] [Decorations] CAPPING events from decorations provider vscode.git 309
2024-09-04 00:03:27.141 [warning] [Decorations] CAPPING events from decorations provider vscode.git 309
2024-09-04 00:03:32.187 [warning] [Decorations] CAPPING events from decorations provider vscode.git 309
2024-09-04 00:03:37.234 [warning] [Decorations] CAPPING events from decorations provider vscode.git 309
2024-09-04 00:03:42.277 [warning] [Decorations] CAPPING events from decorations provider vscode.git 309
2024-09-04 00:03:47.322 [warning] [Decorations] CAPPING events from decorations provider vscode.git 309
2024-09-04 00:03:52.365 [warning] [Decorations] CAPPING events from decorations provider vscode.git 309
2024-09-04 00:03:57.419 [warning] [Decorations] CAPPING events from decorations provider vscode.git 309
2024-09-04 00:04:02.466 [warning] [Decorations] CAPPING events from decorations provider vscode.git 309
2024-09-04 00:04:07.504 [warning] [Decorations] CAPPING events from decorations provider vscode.git 309
2024-09-04 00:04:13.843 [warning] [Decorations] CAPPING events from decorations provider vscode.git 310
2024-09-04 00:04:50.285 [warning] [Decorations] CAPPING events from decorations provider vscode.git 311
2024-09-04 00:04:55.328 [warning] [Decorations] CAPPING events from decorations provider vscode.git 311
2024-09-04 00:05:00.379 [warning] [Decorations] CAPPING events from decorations provider vscode.git 311
2024-09-04 00:05:05.425 [warning] [Decorations] CAPPING events from decorations provider vscode.git 312
2024-09-04 00:05:10.467 [warning] [Decorations] CAPPING events from decorations provider vscode.git 312
2024-09-04 00:05:25.438 [warning] [Decorations] CAPPING events from decorations provider vscode.git 312
2024-09-04 00:07:19.388 [warning] [Decorations] CAPPING events from decorations provider vscode.git 313
2024-09-04 00:07:40.249 [warning] [Decorations] CAPPING events from decorations provider vscode.git 312
2024-09-04 00:07:45.299 [warning] [Decorations] CAPPING events from decorations provider vscode.git 312
2024-09-04 00:07:50.346 [warning] [Decorations] CAPPING events from decorations provider vscode.git 312
2024-09-04 00:08:04.079 [warning] [Decorations] CAPPING events from decorations provider vscode.git 312
2024-09-04 00:08:09.131 [warning] [Decorations] CAPPING events from decorations provider vscode.git 312
2024-09-04 00:08:14.178 [warning] [Decorations] CAPPING events from decorations provider vscode.git 312
2024-09-04 00:08:35.201 [warning] [Decorations] CAPPING events from decorations provider vscode.git 316
2024-09-04 00:08:40.247 [warning] [Decorations] CAPPING events from decorations provider vscode.git 315
2024-09-04 00:08:45.304 [warning] [Decorations] CAPPING events from decorations provider vscode.git 315
2024-09-04 00:08:50.344 [warning] [Decorations] CAPPING events from decorations provider vscode.git 315
2024-09-04 00:11:22.676 [warning] [Decorations] CAPPING events from decorations provider vscode.git 315
